[LOG] System::create                           : Header version = 2.01.11. Current version = 2.01.11.
[LOG] Manager::init                            : maxchannels = 256 studioflags = 00000006 flags 00000000 extradriverdata 0000000000000000.
[LOG] SystemI::init                            : Initialize version=20111 (118066), maxchannels=256, flags=0x00020000
[LOG] SystemI::setOutputInternal               : Setting output to 'FMOD WASAPI Output'
[LOG] OutputWASAPI::init                       : Mix Format (WAVEFORMATEX): wFormatTag=0xFFFE, nChannels=2, nSamplesPerSec=48000, nAvgBytesPerSec=384000, nBlockAlign=8, wBitsPerSample=32, cbSize=22.
[LOG] OutputWASAPI::init                       : Mix Format (WAVEFORMATEXTENSIBLE): wValidBitsPerSample=32, dwChannelMask=0x00000003, SubFormat=00000003-0000-0010-8000-00AA00389B71.
[LOG] OutputWASAPI::init                       : Output buffer size: 4096 samples, latency: 0.00ms, period: 10.00ms, DSP buffer: 1024 * 4
[LOG] Thread::initThread                       : Init FMOD stream thread. Affinity: 0x8000000000000003, Priority: 0xFFFF7FFB, Stack Size: 98304, Semaphore: No, Sleep Time: 10, Looping: Yes.
[LOG] Thread::initThread                       : Init FMOD mixer thread. Affinity: 0x8000000000000001, Priority: 0xFFFF7FFA, Stack Size: 81920, Semaphore: No, Sleep Time: 0, Looping: Yes.
[LOG] AsyncManager::init                       : manager 00000231F5C649A8 isAsync 0 updatePeriod 0.02
[LOG] AsyncManager::init                       : done
[LOG] PlaybackSystem::init                     : 
[LOG] Thread::initThread                       : Init FMOD Studio sample load thread. Affinity: 0x8000000000000003, Priority: 0xFFFF7FFD, Stack Size: 98304, Semaphore: No, Sleep Time: 1, Looping: No.
[LOG] PlaybackSystem::init                     : done
[LOG] Thread::initThread                       : Init FMOD Studio bank load thread. Affinity: 0x8000000000000003, Priority: 0xFFFF7FFD, Stack Size: 98304, Semaphore: No, Sleep Time: 1, Looping: No.
[LOG] Manager::init                            : done.
[LOG] Manager::readBank                        : fileversion = 135, compatVersion = 132 (oldest = 44, newest = 135)
[LOG] Manager::readBank                        : fileversion = 135, compatVersion = 132 (oldest = 44, newest = 135)
[LOG] Manager::readBank                        : fileversion = 135, compatVersion = 132 (oldest = 44, newest = 135)
[LOG] PlaybackSystem::acquireMasterBus         : Setting master channel group format to 6
[LOG] SystemI::createSound                     : filename = Assets/Sounds/Desktop/Master.bank : mode 02010082
[LOG] SystemI::createSound                     : FMOD_NONBLOCKING specified.  Putting into queue to be opened asynchronously!
[LOG] SystemI::createSound                     : setdata soundi = 00000231FDEDE5C8 : node = 00000231FDAE8FD0
[LOG] SystemI::createSound                     : add node to async list : head = 00000232BB928778.  list count = 0
[LOG] AsyncThread::threadFunc                  : Starting Asynchronous operation on sound 00000231FDEDE5C8
[LOG] SystemI::createSoundInternal             :     Create name='Assets/Sounds/Desktop/Master.bank', mode=0x02010082
[LOG] SystemI::createSoundInternal             :     exinfo->cbsize             = 224
[LOG] SystemI::createSoundInternal             :     exinfo->length             = 1826944
[LOG] SystemI::createSoundInternal             :     exinfo->fileoffset         = 8640
[LOG] SystemI::createSoundInternal             :     exinfo->numsubsounds       = 1
[LOG] SystemI::createSoundInternal             :     exinfo->inclusionlist      = 00000231FDAE90E0
[LOG] SystemI::createSoundInternal             :     exinfo->inclusionlistnum   = 1
[LOG] SystemI::createSoundInternal             :     exinfo->suggestedsoundtype = 5
[LOG] SystemI::createSoundInternal             :     exinfo->initialseekpostype = 1
[LOG] SystemI::createSoundInternal             :     Stream 0/1: name='- select click 2', format=5, channels=2, frequency=48000, lengthbytes=24736, lengthpcm=8119119, pcmblocksize=0, loopstart=0, loopend=0, mode=0x00000000, channelmask=0x00000000, channelorder=0, peakvolume=0.098943.
[LOG] AsyncThread::threadFunc                  : Finished Asynchronous operation on sound 00000231FDEDE5C8
[LOG] SystemI::createSound                     : filename = Assets/Sounds/Desktop/Master.bank : mode 02010082
[LOG] SystemI::createSound                     : FMOD_NONBLOCKING specified.  Putting into queue to be opened asynchronously!
[LOG] SystemI::createSound                     : setdata soundi = 00000231FDEDF4F8 : node = 00000231FD21DB10
[LOG] SystemI::createSound                     : add node to async list : head = 00000232BB928778.  list count = 0
[LOG] AsyncThread::threadFunc                  : Starting Asynchronous operation on sound 00000231FDEDF4F8
[LOG] SystemI::createSoundInternal             :     Create name='Assets/Sounds/Desktop/Master.bank', mode=0x02010082
[LOG] SystemI::createSoundInternal             :     exinfo->cbsize             = 224
[LOG] SystemI::createSoundInternal             :     exinfo->length             = 1826944
[LOG] SystemI::createSoundInternal             :     exinfo->fileoffset         = 8640
[LOG] SystemI::createSoundInternal             :     exinfo->numsubsounds       = 1
[LOG] SystemI::createSoundInternal             :     exinfo->inclusionlist      = 00000231FD21DC20
[LOG] SystemI::createSoundInternal             :     exinfo->inclusionlistnum   = 1
[LOG] SystemI::createSoundInternal             :     exinfo->suggestedsoundtype = 5
[LOG] SystemI::createSoundInternal             :     exinfo->initialseekpostype = 1
[LOG] SystemI::createSoundInternal             :     Stream 0/1: name='- select click 2', format=5, channels=2, frequency=48000, lengthbytes=24736, lengthpcm=8119119, pcmblocksize=0, loopstart=0, loopend=0, mode=0x00000000, channelmask=0x00000000, channelorder=0, peakvolume=0.098943.
[LOG] AsyncThread::threadFunc                  : Finished Asynchronous operation on sound 00000231FDEDF4F8
[LOG] SystemI::createSound                     : filename = Assets/Sounds/Desktop/Master.bank : mode 02010082
[LOG] SystemI::createSound                     : FMOD_NONBLOCKING specified.  Putting into queue to be opened asynchronously!
[LOG] SystemI::createSound                     : setdata soundi = 00000231FDEE05D8 : node = 000002328D70D840
[LOG] SystemI::createSound                     : add node to async list : head = 00000232BB928778.  list count = 0
[LOG] AsyncThread::threadFunc                  : Starting Asynchronous operation on sound 00000231FDEE05D8
[LOG] SystemI::createSoundInternal             :     Create name='Assets/Sounds/Desktop/Master.bank', mode=0x02010082
[LOG] SystemI::createSoundInternal             :     exinfo->cbsize             = 224
[LOG] SystemI::createSoundInternal             :     exinfo->length             = 1826944
[LOG] SystemI::createSoundInternal             :     exinfo->fileoffset         = 8640
[LOG] SystemI::createSoundInternal             :     exinfo->numsubsounds       = 1
[LOG] SystemI::createSoundInternal             :     exinfo->inclusionlist      = 000002328D70D950
[LOG] SystemI::createSoundInternal             :     exinfo->inclusionlistnum   = 1
[LOG] SystemI::createSoundInternal             :     exinfo->suggestedsoundtype = 5
[LOG] SystemI::createSoundInternal             :     exinfo->initialseekpostype = 1
[LOG] SystemI::createSoundInternal             :     Stream 0/1: name='- select click 2', format=5, channels=2, frequency=48000, lengthbytes=24736, lengthpcm=8119119, pcmblocksize=0, loopstart=0, loopend=0, mode=0x00000000, channelmask=0x00000000, channelorder=0, peakvolume=0.098943.
[LOG] AsyncThread::threadFunc                  : Finished Asynchronous operation on sound 00000231FDEE05D8
[LOG] SystemI::createSound                     : filename = Assets/Sounds/Desktop/Master.bank : mode 02010082
[LOG] SystemI::createSound                     : FMOD_NONBLOCKING specified.  Putting into queue to be opened asynchronously!
[LOG] SystemI::createSound                     : setdata soundi = 00000231FDEE2438 : node = 000002328D70D980
[LOG] SystemI::createSound                     : add node to async list : head = 00000232BB928778.  list count = 0
[LOG] AsyncThread::threadFunc                  : Starting Asynchronous operation on sound 00000231FDEE2438
[LOG] SystemI::createSoundInternal             :     Create name='Assets/Sounds/Desktop/Master.bank', mode=0x02010082
[LOG] SystemI::createSoundInternal             :     exinfo->cbsize             = 224
[LOG] SystemI::createSoundInternal             :     exinfo->length             = 1826944
[LOG] SystemI::createSoundInternal             :     exinfo->fileoffset         = 8640
[LOG] SystemI::createSoundInternal             :     exinfo->numsubsounds       = 1
[LOG] SystemI::createSoundInternal             :     exinfo->inclusionlist      = 000002328D70DA90
[LOG] SystemI::createSoundInternal             :     exinfo->inclusionlistnum   = 1
[LOG] SystemI::createSoundInternal             :     exinfo->suggestedsoundtype = 5
[LOG] SystemI::createSoundInternal             :     exinfo->initialseekpostype = 1
[LOG] SystemI::createSoundInternal             :     Stream 0/1: name='- select click 2', format=5, channels=2, frequency=48000, lengthbytes=24736, lengthpcm=8119119, pcmblocksize=0, loopstart=0, loopend=0, mode=0x00000000, channelmask=0x00000000, channelorder=0, peakvolume=0.098943.
[LOG] AsyncThread::threadFunc                  : Finished Asynchronous operation on sound 00000231FDEE2438
[LOG] SystemI::createSound                     : filename = Assets/Sounds/Desktop/Master.bank : mode 02010082
[LOG] SystemI::createSound                     : FMOD_NONBLOCKING specified.  Putting into queue to be opened asynchronously!
[LOG] SystemI::createSound                     : setdata soundi = 00000231FDEE25E8 : node = 00000231FDAE9390
[LOG] SystemI::createSound                     : add node to async list : head = 00000232BB928778.  list count = 0
[LOG] AsyncThread::threadFunc                  : Starting Asynchronous operation on sound 00000231FDEE25E8
[LOG] SystemI::createSoundInternal             :     Create name='Assets/Sounds/Desktop/Master.bank', mode=0x02010082
[LOG] SystemI::createSoundInternal             :     exinfo->cbsize             = 224
[LOG] SystemI::createSoundInternal             :     exinfo->length             = 1826944
[LOG] SystemI::createSoundInternal             :     exinfo->fileoffset         = 8640
[LOG] SystemI::createSoundInternal             :     exinfo->numsubsounds       = 1
[LOG] SystemI::createSoundInternal             :     exinfo->inclusionlist      = 00000231FDAE94A0
[LOG] SystemI::createSoundInternal             :     exinfo->inclusionlistnum   = 1
[LOG] SystemI::createSoundInternal             :     exinfo->suggestedsoundtype = 5
[LOG] SystemI::createSoundInternal             :     exinfo->initialseekpostype = 1
[LOG] SystemI::createSoundInternal             :     Stream 0/1: name='- select click', format=5, channels=2, frequency=48000, lengthbytes=25088, lengthpcm=8119119, pcmblocksize=0, loopstart=0, loopend=0, mode=0x00000000, channelmask=0x00000000, channelorder=0, peakvolume=0.064844.
[LOG] AsyncThread::threadFunc                  : Finished Asynchronous operation on sound 00000231FDEE25E8
[LOG] SystemI::createSound                     : filename = Assets/Sounds/Desktop/Master.bank : mode 02010082
[LOG] SystemI::createSound                     : FMOD_NONBLOCKING specified.  Putting into queue to be opened asynchronously!
[LOG] SystemI::createSound                     : setdata soundi = 00000231FDEE62A8 : node = 0000023220784FA0
[LOG] SystemI::createSound                     : add node to async list : head = 00000232BB928778.  list count = 0
[LOG] AsyncThread::threadFunc                  : Starting Asynchronous operation on sound 00000231FDEE62A8
[LOG] SystemI::createSoundInternal             :     Create name='Assets/Sounds/Desktop/Master.bank', mode=0x02010082
[LOG] SystemI::createSoundInternal             :     exinfo->cbsize             = 224
[LOG] SystemI::createSoundInternal             :     exinfo->length             = 1826944
[LOG] SystemI::createSoundInternal             :     exinfo->fileoffset         = 8640
[LOG] SystemI::createSoundInternal             :     exinfo->numsubsounds       = 1
[LOG] SystemI::createSoundInternal             :     exinfo->inclusionlist      = 00000232207850B0
[LOG] SystemI::createSoundInternal             :     exinfo->inclusionlistnum   = 1
[LOG] SystemI::createSoundInternal             :     exinfo->suggestedsoundtype = 5
[LOG] SystemI::createSoundInternal             :     exinfo->initialseekpostype = 1
[LOG] SystemI::createSoundInternal             :     Stream 0/1: name='- select click 2', format=5, channels=2, frequency=48000, lengthbytes=24736, lengthpcm=8119119, pcmblocksize=0, loopstart=0, loopend=0, mode=0x00000000, channelmask=0x00000000, channelorder=0, peakvolume=0.098943.
[LOG] AsyncThread::threadFunc                  : Finished Asynchronous operation on sound 00000231FDEE62A8
[LOG] SystemI::createSound                     : filename = Assets/Sounds/Desktop/Master.bank : mode 02010082
[LOG] SystemI::createSound                     : FMOD_NONBLOCKING specified.  Putting into queue to be opened asynchronously!
[LOG] SystemI::createSound                     : setdata soundi = 00000231FDEE67B8 : node = 00000231FDAE9610
[LOG] SystemI::createSound                     : add node to async list : head = 00000232BB928778.  list count = 0
[LOG] AsyncThread::threadFunc                  : Starting Asynchronous operation on sound 00000231FDEE67B8
[LOG] SystemI::createSoundInternal             :     Create name='Assets/Sounds/Desktop/Master.bank', mode=0x02010082
[LOG] SystemI::createSoundInternal             :     exinfo->cbsize             = 224
[LOG] SystemI::createSoundInternal             :     exinfo->length             = 1826944
[LOG] SystemI::createSoundInternal             :     exinfo->fileoffset         = 8640
[LOG] SystemI::createSoundInternal             :     exinfo->numsubsounds       = 1
[LOG] SystemI::createSound                     :     filename = Assets/Sounds/Desktop/Master.bank : mode 02010082
[LOG] SystemI::createSoundInternal             :     exinfo->inclusionlist      = 00000231FDAE9720
[LOG] SystemI::createSound                     :     FMOD_NONBLOCKING specified.  Putting into queue to be opened asynchronously!
[LOG] SystemI::createSoundInternal             :     exinfo->inclusionlistnum   = 1
[LOG] SystemI::createSound                     :     setdata soundi = 00000231FDEE6968 : node = 00000231FDAE9750
[LOG] SystemI::createSoundInternal             :     exinfo->suggestedsoundtype = 5
[LOG] SystemI::createSound                     :     add node to async list : head = 00000232BB928778.  list count = 0
[LOG] SystemI::createSoundInternal             :     exinfo->initialseekpostype = 1
[LOG] SystemI::createSoundInternal             :     Stream 0/1: name='- select click', format=5, channels=2, frequency=48000, lengthbytes=25088, lengthpcm=8119119, pcmblocksize=0, loopstart=0, loopend=0, mode=0x00000000, channelmask=0x00000000, channelorder=0, peakvolume=0.064844.
[LOG] AsyncThread::threadFunc                  : Finished Asynchronous operation on sound 00000231FDEE67B8
[LOG] AsyncThread::threadFunc                  : Starting Asynchronous operation on sound 00000231FDEE6968
[LOG] SystemI::createSoundInternal             :     Create name='Assets/Sounds/Desktop/Master.bank', mode=0x02010082
[LOG] SystemI::createSoundInternal             :     exinfo->cbsize             = 224
[LOG] SystemI::createSoundInternal             :     exinfo->length             = 1826944
[LOG] SystemI::createSoundInternal             :     exinfo->fileoffset         = 8640
[LOG] SystemI::createSoundInternal             :     exinfo->numsubsounds       = 1
[LOG] SystemI::createSoundInternal             :     exinfo->inclusionlist      = 00000231FDAE9860
[LOG] SystemI::createSoundInternal             :     exinfo->inclusionlistnum   = 1
[LOG] SystemI::createSoundInternal             :     exinfo->suggestedsoundtype = 5
[LOG] SystemI::createSoundInternal             :     exinfo->initialseekpostype = 1
[LOG] SystemI::createSoundInternal             :     Stream 0/1: name='- select click 2', format=5, channels=2, frequency=48000, lengthbytes=24736, lengthpcm=8119119, pcmblocksize=0, loopstart=0, loopend=0, mode=0x00000000, channelmask=0x00000000, channelorder=0, peakvolume=0.098943.
[LOG] AsyncThread::threadFunc                  : Finished Asynchronous operation on sound 00000231FDEE6968
[LOG] SystemI::createSound                     : filename = Assets/Sounds/Desktop/Master.bank : mode 02010082
[LOG] SystemI::createSound                     : FMOD_NONBLOCKING specified.  Putting into queue to be opened asynchronously!
[LOG] SystemI::createSound                     : setdata soundi = 00000231FDEE5018 : node = 00000231FD21D610
[LOG] SystemI::createSound                     : add node to async list : head = 00000232BB928778.  list count = 0
[LOG] AsyncThread::threadFunc                  : Starting Asynchronous operation on sound 00000231FDEE5018
[LOG] SystemI::createSoundInternal             :     Create name='Assets/Sounds/Desktop/Master.bank', mode=0x02010082
[LOG] SystemI::createSoundInternal             :     exinfo->cbsize             = 224
[LOG] SystemI::createSoundInternal             :     exinfo->length             = 1826944
[LOG] SystemI::createSoundInternal             :     exinfo->fileoffset         = 8640
[LOG] SystemI::createSoundInternal             :     exinfo->numsubsounds       = 1
[LOG] SystemI::createSoundInternal             :     exinfo->inclusionlist      = 00000231FD21D720
[LOG] SystemI::createSoundInternal             :     exinfo->inclusionlistnum   = 1
[LOG] SystemI::createSoundInternal             :     exinfo->suggestedsoundtype = 5
[LOG] SystemI::createSoundInternal             :     exinfo->initialseekpostype = 1
[LOG] SystemI::createSoundInternal             :     Stream 0/1: name='- select click', format=5, channels=2, frequency=48000, lengthbytes=25088, lengthpcm=8119119, pcmblocksize=0, loopstart=0, loopend=0, mode=0x00000000, channelmask=0x00000000, channelorder=0, peakvolume=0.064844.
[LOG] AsyncThread::threadFunc                  : Finished Asynchronous operation on sound 00000231FDEE5018
[LOG] SystemI::createSound                     : filename = Assets/Sounds/Desktop/Master.bank : mode 02010082
[LOG] SystemI::createSound                     : FMOD_NONBLOCKING specified.  Putting into queue to be opened asynchronously!
[LOG] SystemI::createSound                     : setdata soundi = 00000231FDEDFD68 : node = 000002328D70E380
[LOG] SystemI::createSound                     : add node to async list : head = 00000232BB928778.  list count = 0
[LOG] AsyncThread::threadFunc                  : Starting Asynchronous operation on sound 00000231FDEDFD68
[LOG] SystemI::createSoundInternal             :     Create name='Assets/Sounds/Desktop/Master.bank', mode=0x02010082
[LOG] SystemI::createSoundInternal             :     exinfo->cbsize             = 224
[LOG] SystemI::createSoundInternal             :     exinfo->length             = 1826944
[LOG] SystemI::createSoundInternal             :     exinfo->fileoffset         = 8640
[LOG] SystemI::createSoundInternal             :     exinfo->numsubsounds       = 1
[LOG] SystemI::createSoundInternal             :     exinfo->inclusionlist      = 000002328D70E490
[LOG] SystemI::createSoundInternal             :     exinfo->inclusionlistnum   = 1
[LOG] SystemI::createSoundInternal             :     exinfo->suggestedsoundtype = 5
[LOG] SystemI::createSoundInternal             :     exinfo->initialseekpostype = 1
[LOG] SystemI::createSoundInternal             :     Stream 0/1: name='- select click', format=5, channels=2, frequency=48000, lengthbytes=25088, lengthpcm=8119119, pcmblocksize=0, loopstart=0, loopend=0, mode=0x00000000, channelmask=0x00000000, channelorder=0, peakvolume=0.064844.
[LOG] AsyncThread::threadFunc                  : Finished Asynchronous operation on sound 00000231FDEDFD68
[LOG] SoundI::release                          : - select click 2 (00000231FDEE62A8)
[LOG] SoundI::release                          :     - select click 2 (00000231F5902878)
[LOG] SoundI::release                          :     - select click 2 (00000231FDEE2288)
[LOG] SoundI::release                          : - select click 2 (00000231FDEE2438)
[LOG] SoundI::release                          :     - select click 2 (00000231F59021F8)
[LOG] SoundI::release                          :     - select click 2 (00000231FDEE3D88)
[LOG] SoundI::release                          : - select click 2 (00000231FDEE05D8)
[LOG] SoundI::release                          :     - select click 2 (00000231F5901EB8)
[LOG] SoundI::release                          :     - select click 2 (00000231FDEE0938)
[LOG] SoundI::release                          : - select click 2 (00000231FDEDF4F8)
[LOG] SoundI::release                          :     - select click 2 (00000231F5901D18)
[LOG] SoundI::release                          :     - select click 2 (00000231FDEDFF18)
[LOG] SoundI::release                          : - select click 2 (00000231FDEDE5C8)
[LOG] SoundI::release                          :     - select click 2 (00000231F5902058)
[LOG] SoundI::release                          :     - select click 2 (00000231FDEDEAD8)
[LOG] SoundI::release                          : - select click 2 (00000231FDEE6968)
[LOG] SoundI::release                          :     - select click 2 (00000231F5902D58)
[LOG] SoundI::release                          :     - select click 2 (00000231FDEE1A18)
[LOG] SoundI::release                          : PlatformGameSound.2 (00000231FDEE0428)
[LOG] SoundI::release                          :     PlatformGameSound.2 (0000023220283708)
[LOG] SoundI::release                          :     PlatformGameSound.2 (00000231FDEDE418)
[LOG] SoundI::release                          : - select click (00000231FDEDFD68)
[LOG] SoundI::release                          :     - select click (00000231F5901B78)
[LOG] SoundI::release                          :     - select click (00000231FDEE0788)
[LOG] SoundI::release                          : - select click (00000231FDEE5018)
[LOG] SoundI::release                          :     - select click (00000231F5901358)
[LOG] SoundI::release                          :     - select click (00000231FDEE11A8)
[LOG] SoundI::release                          : - select click (00000231FDEE25E8)
[LOG] SoundI::release                          :     - select click (00000231F5902BB8)
[LOG] SoundI::release                          :     - select click (00000231FDEE1D78)
[LOG] SoundI::release                          : - select click (00000231FDEE67B8)
[LOG] SoundI::release                          :     - select click (00000231F5902A18)
[LOG] SoundI::release                          :     - select click (00000231FDEE5A38)
[LOG] Thread::callback                         : FMOD Studio update thread finished.
[LOG] Thread::callback                         : FMOD Studio bank load thread finished.
[LOG] Profile::disconnectAll                   : Profiler disconnecting all clients
[LOG] Thread::callback                         : FMOD Studio sample load thread finished.
[LOG] LiveUpdate::release                      : 
[LOG] LiveUpdate::reset                        : Reset connection (reason Disconnected)
[LOG] Thread::callback                         : FMOD stream thread finished.
[LOG] Thread::callback                         : FMOD mixer thread finished.
[LOG] Profile::disconnectAll                   : Profiler disconnecting all clients
[LOG] SystemI::close                           : Closed.
