Using pre-set license
Built from '2020.3/staging' branch; Version is '2020.3.4f1 (0abb6314276a) revision 703331'; Using compiler version '192528614'; Build Type 'Release'
OS: 'Windows 10 Pro; OS build 19041.1165; Version 2004; 64bit' Language: 'en' Physical Memory: 15787 MB
BatchMode: 1, IsHumanControllingUs: 0, StartBugReporterOnCrash: 0, Is64bit: 1, IsPro: 0

 COMMAND LINE ARGUMENTS:
C:\Program Files\Unity\Hub\Editor\2020.3.4f1\Editor\Unity.exe
-adb2
-batchMode
-noUpm
-name
AssetImportWorker1
-projectPath
C:/Users/bonan/Documents/ChardMove/ChardMove_Revived
-logFile
Logs/AssetImportWorker1.log
-srvPort
58850
Successfully changed project path to: C:/Users/bonan/Documents/ChardMove/ChardMove_Revived
C:/Users/bonan/Documents/ChardMove/ChardMove_Revived
Using Asset Import Pipeline V2.
Refreshing native plugins compatible for Editor in 55.63 ms, found 1 plugins.
Preloading 0 native plugins for Editor in 0.00 ms.
Initialize engine version: 2020.3.4f1 (0abb6314276a)
[Subsystems] Discovering subsystems at path C:/Program Files/Unity/Hub/Editor/2020.3.4f1/Editor/Data/Resources/UnitySubsystems
[Subsystems] Discovering subsystems at path C:/Users/bonan/Documents/ChardMove/ChardMove_Revived/Assets
GfxDevice: creating device client; threaded=0
Direct3D:
    Version:  Direct3D 11.0 [level 11.1]
    Renderer: NVIDIA GeForce GTX 1650 (ID=0x1f99)
    Vendor:   
    VRAM:     3962 MB
    Driver:   27.21.14.6242
Shader 'Universal Render Pipeline/Particles/Lit': fallback shader 'Universal Render Pipeline/Particles/SimpleLit' not found
Initialize mono
Mono path[0] = 'C:/Program Files/Unity/Hub/Editor/2020.3.4f1/Editor/Data/Managed'
Mono path[1] = 'C:/Program Files/Unity/Hub/Editor/2020.3.4f1/Editor/Data/MonoBleedingEdge/lib/mono/unityjit'
Mono config path = 'C:/Program Files/Unity/Hub/Editor/2020.3.4f1/Editor/Data/MonoBleedingEdge/etc'
Using monoOptions --debugger-agent=transport=dt_socket,embedding=1,server=y,suspend=n,address=127.0.0.1:56556
Begin MonoManager ReloadAssembly
Registering precompiled unity dll's ...
Register platform support module: C:/Program Files/Unity/Hub/Editor/2020.3.4f1/Editor/Data/PlaybackEngines/WindowsStandaloneSupport/UnityEditor.WindowsStandalone.Extensions.dll
Registered in 0.001813 seconds.
Native extension for WindowsStandalone target not found
Refreshing native plugins compatible for Editor in 62.52 ms, found 1 plugins.
Preloading 0 native plugins for Editor in 0.00 ms.
Mono: successfully reloaded assembly
- Completed reload, in  1.210 seconds
Platform modules already initialized, skipping
Registering precompiled user dll's ...
Registered in 0.001545 seconds.
Begin MonoManager ReloadAssembly
Native extension for WindowsStandalone target not found
Refreshing native plugins compatible for Editor in 63.99 ms, found 1 plugins.
Preloading 0 native plugins for Editor in 0.00 ms.
Mono: successfully reloaded assembly
- Completed reload, in  1.100 seconds
Platform modules already initialized, skipping
========================================================================
Worker process is ready to serve import requests
Shader 'Universal Render Pipeline/Particles/Lit': fallback shader 'Universal Render Pipeline/Particles/SimpleLit' not found
Launched and connected shader compiler UnityShaderCompiler.exe after 0.04 seconds
Refreshing native plugins compatible for Editor in 0.66 ms, found 1 plugins.
Preloading 0 native plugins for Editor in 0.00 ms.
Unloading 3077 Unused Serialized files (Serialized files now loaded: 0)
System memory in use before: 133.2 MB.
System memory in use after: 133.2 MB.

Unloading 25 unused Assets to reduce memory usage. Loaded Objects now: 3521.
Total: 3.459100 ms (FindLiveObjects: 0.931600 ms CreateObjectMapping: 0.192700 ms MarkObjects: 2.192400 ms  DeleteObjects: 0.140500 ms)

========================================================================
Received Import Request.
  path: Assets/Sprites/isometric-sandbox-sheet.png
  artifactKey: Guid(8fa2f500389edb440a29eee8a935cb66) Importer(815301076,1909f56bfc062723c751e8b465ee728b)
Start importing Assets/Sprites/isometric-sandbox-sheet.png using Guid(8fa2f500389edb440a29eee8a935cb66) Importer(815301076,1909f56bfc062723c751e8b465ee728b)  -> (artifact id: '8689ccc9b5aa49fb18f41af3f0ffe624') in 0.222271 seconds
  Import took 0.227190 seconds .

========================================================================
Received Import Request.
  Time since last request: 3.935527 seconds.
  path: Assets/Sprites/isometric-sandbox-sheet.png
  artifactKey: Guid(8fa2f500389edb440a29eee8a935cb66) Importer(815301076,1909f56bfc062723c751e8b465ee728b)
Start importing Assets/Sprites/isometric-sandbox-sheet.png using Guid(8fa2f500389edb440a29eee8a935cb66) Importer(815301076,1909f56bfc062723c751e8b465ee728b)  -> (artifact id: '599cbfccf217559404864f0ed960ce83') in 0.149994 seconds
  Import took 0.155196 seconds .

========================================================================
Received Import Request.
  Time since last request: 8.182189 seconds.
  path: Assets/Sprites/isometric-sandbox-sheet.png
  artifactKey: Guid(8fa2f500389edb440a29eee8a935cb66) Importer(815301076,1909f56bfc062723c751e8b465ee728b)
Start importing Assets/Sprites/isometric-sandbox-sheet.png using Guid(8fa2f500389edb440a29eee8a935cb66) Importer(815301076,1909f56bfc062723c751e8b465ee728b)  -> (artifact id: 'bf0cea6606cba87499430e0b435c3b2d') in 0.143701 seconds
  Import took 0.149510 seconds .

========================================================================
Received Import Request.
  Time since last request: 32.831213 seconds.
  path: Assets/Sprites/isometric-sandbox-sheet.png
  artifactKey: Guid(8fa2f500389edb440a29eee8a935cb66) Importer(815301076,1909f56bfc062723c751e8b465ee728b)
Start importing Assets/Sprites/isometric-sandbox-sheet.png using Guid(8fa2f500389edb440a29eee8a935cb66) Importer(815301076,1909f56bfc062723c751e8b465ee728b)  -> (artifact id: '256383fce73d4a4bf2f717a9b3784084') in 0.145932 seconds
  Import took 0.151096 seconds .

========================================================================
Received Import Request.
  Time since last request: 4.193337 seconds.
  path: Assets/Sprites/isometric-sandbox-sheet.png
  artifactKey: Guid(8fa2f500389edb440a29eee8a935cb66) Importer(815301076,1909f56bfc062723c751e8b465ee728b)
Start importing Assets/Sprites/isometric-sandbox-sheet.png using Guid(8fa2f500389edb440a29eee8a935cb66) Importer(815301076,1909f56bfc062723c751e8b465ee728b)  -> (artifact id: 'fa331d2ec7786a8bc6312abc299b1486') in 0.138497 seconds
  Import took 0.144527 seconds .

========================================================================
Received Import Request.
  Time since last request: 0.001000 seconds.
  path: Assets/Sprites/isometric-sandbox-sheet.png
  artifactKey: Guid(8fa2f500389edb440a29eee8a935cb66) Importer(815301076,1909f56bfc062723c751e8b465ee728b)
Start importing Assets/Sprites/isometric-sandbox-sheet.png using Guid(8fa2f500389edb440a29eee8a935cb66) Importer(815301076,1909f56bfc062723c751e8b465ee728b)  -> (artifact id: 'fa331d2ec7786a8bc6312abc299b1486') in 0.134780 seconds
  Import took 0.139689 seconds .

========================================================================
Received Import Request.
  Time since last request: 7.750316 seconds.
  path: Assets/Sprites/isometric-sandbox-sheet.png
  artifactKey: Guid(8fa2f500389edb440a29eee8a935cb66) Importer(815301076,1909f56bfc062723c751e8b465ee728b)
Start importing Assets/Sprites/isometric-sandbox-sheet.png using Guid(8fa2f500389edb440a29eee8a935cb66) Importer(815301076,1909f56bfc062723c751e8b465ee728b)  -> (artifact id: 'd3802710b62be23229f960695143121a') in 0.156570 seconds
  Import took 0.164308 seconds .

========================================================================
Received Import Request.
  Time since last request: 8.450083 seconds.
  path: Assets/Sprites/isometric-sandbox-sheet.png
  artifactKey: Guid(8fa2f500389edb440a29eee8a935cb66) Importer(815301076,1909f56bfc062723c751e8b465ee728b)
Start importing Assets/Sprites/isometric-sandbox-sheet.png using Guid(8fa2f500389edb440a29eee8a935cb66) Importer(815301076,1909f56bfc062723c751e8b465ee728b)  -> (artifact id: '6a0b8a07eaa0a3a9e1df5381262f2e88') in 0.153389 seconds
  Import took 0.159732 seconds .

========================================================================
Received Import Request.
  Time since last request: 96.922453 seconds.
  path: Assets/Sprites/isometric-sandbox-sheet.png
  artifactKey: Guid(8fa2f500389edb440a29eee8a935cb66) Importer(815301076,1909f56bfc062723c751e8b465ee728b)
Start importing Assets/Sprites/isometric-sandbox-sheet.png using Guid(8fa2f500389edb440a29eee8a935cb66) Importer(815301076,1909f56bfc062723c751e8b465ee728b)  -> (artifact id: 'a8f828039195708d39d23e001e7c7cb6') in 0.144438 seconds
  Import took 0.150517 seconds .

========================================================================
Received Import Request.
  Time since last request: 3.958274 seconds.
  path: Assets/Sprites/isometric-sandbox-sheet.png
  artifactKey: Guid(8fa2f500389edb440a29eee8a935cb66) Importer(815301076,1909f56bfc062723c751e8b465ee728b)
Start importing Assets/Sprites/isometric-sandbox-sheet.png using Guid(8fa2f500389edb440a29eee8a935cb66) Importer(815301076,1909f56bfc062723c751e8b465ee728b)  -> (artifact id: '7984b622223ff9e44b73eae7b0463d4c') in 0.133365 seconds
  Import took 0.139777 seconds .

========================================================================
Received Import Request.
  Time since last request: 5.611470 seconds.
  path: Assets/Sprites/isometric-sandbox-sheet.png
  artifactKey: Guid(8fa2f500389edb440a29eee8a935cb66) Importer(815301076,1909f56bfc062723c751e8b465ee728b)
Start importing Assets/Sprites/isometric-sandbox-sheet.png using Guid(8fa2f500389edb440a29eee8a935cb66) Importer(815301076,1909f56bfc062723c751e8b465ee728b)  -> (artifact id: 'd6d36e8cc10e41bb4c5737d84176ba93') in 0.132107 seconds
  Import took 0.136908 seconds .

========================================================================
Received Import Request.
  Time since last request: 0.007150 seconds.
  path: Assets/Sprites/isometric-sandbox-sheet.png
  artifactKey: Guid(8fa2f500389edb440a29eee8a935cb66) Importer(815301076,1909f56bfc062723c751e8b465ee728b)
Start importing Assets/Sprites/isometric-sandbox-sheet.png using Guid(8fa2f500389edb440a29eee8a935cb66) Importer(815301076,1909f56bfc062723c751e8b465ee728b)  -> (artifact id: 'd6d36e8cc10e41bb4c5737d84176ba93') in 0.121228 seconds
  Import took 0.125906 seconds .

========================================================================
Received Import Request.
  Time since last request: 7.702666 seconds.
  path: Assets/Sprites/isometric-sandbox-sheet.png
  artifactKey: Guid(8fa2f500389edb440a29eee8a935cb66) Importer(815301076,1909f56bfc062723c751e8b465ee728b)
Start importing Assets/Sprites/isometric-sandbox-sheet.png using Guid(8fa2f500389edb440a29eee8a935cb66) Importer(815301076,1909f56bfc062723c751e8b465ee728b)  -> (artifact id: '8d11a437c4a1ac3052c82f3180479968') in 0.140256 seconds
  Import took 0.146031 seconds .

========================================================================
Received Import Request.
  Time since last request: 4.411355 seconds.
  path: Assets/Sprites/isometric-sandbox-sheet.png
  artifactKey: Guid(8fa2f500389edb440a29eee8a935cb66) Importer(815301076,1909f56bfc062723c751e8b465ee728b)
Start importing Assets/Sprites/isometric-sandbox-sheet.png using Guid(8fa2f500389edb440a29eee8a935cb66) Importer(815301076,1909f56bfc062723c751e8b465ee728b)  -> (artifact id: 'fb8fc4ff2803d54aa63e94b84b2df973') in 0.134646 seconds
  Import took 0.139713 seconds .

========================================================================
Received Import Request.
  Time since last request: 0.004477 seconds.
  path: Assets/Sprites/isometric-sandbox-sheet.png
  artifactKey: Guid(8fa2f500389edb440a29eee8a935cb66) Importer(815301076,1909f56bfc062723c751e8b465ee728b)
Start importing Assets/Sprites/isometric-sandbox-sheet.png using Guid(8fa2f500389edb440a29eee8a935cb66) Importer(815301076,1909f56bfc062723c751e8b465ee728b)  -> (artifact id: 'fb8fc4ff2803d54aa63e94b84b2df973') in 0.120084 seconds
  Import took 0.125516 seconds .

========================================================================
Received Import Request.
  Time since last request: 3.291909 seconds.
  path: Assets/Sprites/isometric-sandbox-sheet.png
  artifactKey: Guid(8fa2f500389edb440a29eee8a935cb66) Importer(815301076,1909f56bfc062723c751e8b465ee728b)
Start importing Assets/Sprites/isometric-sandbox-sheet.png using Guid(8fa2f500389edb440a29eee8a935cb66) Importer(815301076,1909f56bfc062723c751e8b465ee728b)  -> (artifact id: 'b557a57ba1170f7f57b3a0091f93b2cc') in 0.132021 seconds
  Import took 0.136766 seconds .

========================================================================
Received Import Request.
  Time since last request: 2.843199 seconds.
  path: Assets/Sprites/isometric-sandbox-sheet.png
  artifactKey: Guid(8fa2f500389edb440a29eee8a935cb66) Importer(815301076,1909f56bfc062723c751e8b465ee728b)
Start importing Assets/Sprites/isometric-sandbox-sheet.png using Guid(8fa2f500389edb440a29eee8a935cb66) Importer(815301076,1909f56bfc062723c751e8b465ee728b)  -> (artifact id: '5ca2ffb7b0e0057af7afdc03bdb61522') in 0.147826 seconds
  Import took 0.152951 seconds .

========================================================================
Received Import Request.
  Time since last request: 4.432303 seconds.
  path: Assets/Sprites/isometric-sandbox-sheet.png
  artifactKey: Guid(8fa2f500389edb440a29eee8a935cb66) Importer(815301076,1909f56bfc062723c751e8b465ee728b)
Start importing Assets/Sprites/isometric-sandbox-sheet.png using Guid(8fa2f500389edb440a29eee8a935cb66) Importer(815301076,1909f56bfc062723c751e8b465ee728b)  -> (artifact id: '70ba4b6f89d352ae3a354cde21cd7fb2') in 0.142561 seconds
  Import took 0.148048 seconds .

========================================================================
Received Import Request.
  Time since last request: 2.618349 seconds.
  path: Assets/Sprites/isometric-sandbox-sheet.png
  artifactKey: Guid(8fa2f500389edb440a29eee8a935cb66) Importer(815301076,1909f56bfc062723c751e8b465ee728b)
Start importing Assets/Sprites/isometric-sandbox-sheet.png using Guid(8fa2f500389edb440a29eee8a935cb66) Importer(815301076,1909f56bfc062723c751e8b465ee728b)  -> (artifact id: 'f0e7b6f8677807a805c4ae823a150aaa') in 0.132037 seconds
  Import took 0.137728 seconds .

========================================================================
Received Import Request.
  Time since last request: 3.281450 seconds.
  path: Assets/Sprites/isometric-sandbox-sheet.png
  artifactKey: Guid(8fa2f500389edb440a29eee8a935cb66) Importer(815301076,1909f56bfc062723c751e8b465ee728b)
Start importing Assets/Sprites/isometric-sandbox-sheet.png using Guid(8fa2f500389edb440a29eee8a935cb66) Importer(815301076,1909f56bfc062723c751e8b465ee728b)  -> (artifact id: '5ac5b1a6801c88643cc62effb24e1b24') in 0.150184 seconds
  Import took 0.155117 seconds .

========================================================================
Received Import Request.
  Time since last request: 18.048294 seconds.
  path: Assets/Prefabs/TilePrefabs/LatchSwitch.prefab
  artifactKey: Guid(db1a4c90c0ecaf14db51cbe945e0e225) Importer(815301076,1909f56bfc062723c751e8b465ee728b)
Start importing Assets/Prefabs/TilePrefabs/LatchSwitch.prefab using Guid(db1a4c90c0ecaf14db51cbe945e0e225) Importer(815301076,1909f56bfc062723c751e8b465ee728b)  -> (artifact id: 'a22f05d28ddf7a2b824dcbfa9486e19c') in 0.048902 seconds
  Import took 0.056030 seconds .

========================================================================
Received Prepare
Registering precompiled user dll's ...
Registered in 0.001497 seconds.
Begin MonoManager ReloadAssembly
Native extension for WindowsStandalone target not found
Refreshing native plugins compatible for Editor in 0.78 ms, found 1 plugins.
Preloading 0 native plugins for Editor in 0.00 ms.
Mono: successfully reloaded assembly
- Completed reload, in  0.936 seconds
Platform modules already initialized, skipping
Shader 'Universal Render Pipeline/Particles/Lit': fallback shader 'Universal Render Pipeline/Particles/SimpleLit' not found
Refreshing native plugins compatible for Editor in 0.56 ms, found 1 plugins.
Preloading 0 native plugins for Editor in 0.00 ms.
Unloading 3002 Unused Serialized files (Serialized files now loaded: 0)
System memory in use before: 129.4 MB.
System memory in use after: 129.5 MB.

Unloading 13 unused Assets to reduce memory usage. Loaded Objects now: 3535.
Total: 3.168600 ms (FindLiveObjects: 0.559100 ms CreateObjectMapping: 0.265700 ms MarkObjects: 2.228300 ms  DeleteObjects: 0.114300 ms)

========================================================================
Received Prepare
Registering precompiled user dll's ...
Registered in 0.001532 seconds.
Begin MonoManager ReloadAssembly
Native extension for WindowsStandalone target not found
Refreshing native plugins compatible for Editor in 0.55 ms, found 1 plugins.
Preloading 0 native plugins for Editor in 0.00 ms.
Mono: successfully reloaded assembly
- Completed reload, in  0.893 seconds
Platform modules already initialized, skipping
Shader 'Universal Render Pipeline/Particles/Lit': fallback shader 'Universal Render Pipeline/Particles/SimpleLit' not found
Refreshing native plugins compatible for Editor in 0.56 ms, found 1 plugins.
Preloading 0 native plugins for Editor in 0.00 ms.
Unloading 3002 Unused Serialized files (Serialized files now loaded: 0)
System memory in use before: 129.4 MB.
System memory in use after: 129.5 MB.

Unloading 13 unused Assets to reduce memory usage. Loaded Objects now: 3538.
Total: 3.350400 ms (FindLiveObjects: 0.380400 ms CreateObjectMapping: 0.082400 ms MarkObjects: 2.734200 ms  DeleteObjects: 0.150700 ms)

AssetImportWorkerClient::OnTransportError - code=2 error=End of file
